{
  "stats": {
    "suites": 1,
    "tests": 3,
    "passes": 3,
    "pending": 0,
    "failures": 0,
    "start": "2023-04-16T09:50:28.356Z",
    "end": "2023-04-16T09:52:17.691Z",
    "duration": 109335,
    "testsRegistered": 3,
    "passPercent": 100,
    "pendingPercent": 0,
    "other": 0,
    "hasOther": false,
    "skipped": 0,
    "hasSkipped": false
  },
  "results": [
    {
      "uuid": "3c14a6ac-c911-445e-83f0-925881fcb9c9",
      "title": "",
      "fullFile": "cypress/integration/functional/customer_regression/flow/unitedKingdomMarket/validateA_ClassModelsPrice.feature",
      "file": "cypress/integration/functional/customer_regression/flow/unitedKingdomMarket/validateA_ClassModelsPrice.feature",
      "beforeHooks": [],
      "afterHooks": [],
      "tests": [],
      "suites": [
        {
          "uuid": "e96979c8-3671-43cb-9190-a3a9c3abab84",
          "title": "Validate A Class models price",
          "fullFile": "",
          "file": "",
          "beforeHooks": [],
          "afterHooks": [],
          "tests": [
            {
              "title": "Open Mercedes-benz United Kingdom market and validate the Main Menu",
              "fullTitle": "Validate A Class models price Open Mercedes-benz United Kingdom market and validate the Main Menu",
              "timedOut": null,
              "duration": 29469,
              "state": "passed",
              "speed": "slow",
              "pass": true,
              "fail": false,
              "pending": false,
              "context": null,
              "code": "const state = window.testState;\nreturn cy\n  .then(() => state.onStartScenario(scenario, indexedSteps))\n  .then(() =>\n    resolveAndRunBeforeHooks.call(this, scenario.tags, state.feature.name)\n  )\n  .then(() =>\n    indexedSteps.forEach((step) =>\n      stepTest.call(this, state, step, rowData)\n    )\n  )\n  .then(() => state.onFinishScenario(scenario));",
              "err": {},
              "uuid": "b7596efa-9f1a-45c3-bd79-a9ce5f6eaad5",
              "parentUUID": "e96979c8-3671-43cb-9190-a3a9c3abab84",
              "isHook": false,
              "skipped": false
            },
            {
              "title": "Choose the 'A Class' model available",
              "fullTitle": "Validate A Class models price Choose the 'A Class' model available",
              "timedOut": null,
              "duration": 63250,
              "state": "passed",
              "speed": "slow",
              "pass": true,
              "fail": false,
              "pending": false,
              "context": null,
              "code": "const state = window.testState;\nreturn cy\n  .then(() => state.onStartScenario(scenario, indexedSteps))\n  .then(() =>\n    resolveAndRunBeforeHooks.call(this, scenario.tags, state.feature.name)\n  )\n  .then(() =>\n    indexedSteps.forEach((step) =>\n      stepTest.call(this, state, step, rowData)\n    )\n  )\n  .then(() => state.onFinishScenario(scenario));",
              "err": {},
              "uuid": "b7127497-ee36-4433-985c-dce1196b8cbc",
              "parentUUID": "e96979c8-3671-43cb-9190-a3a9c3abab84",
              "isHook": false,
              "skipped": false
            },
            {
              "title": "Filter by Fuel type 'Diesel' and validate the highest and lowest price results",
              "fullTitle": "Validate A Class models price Filter by Fuel type 'Diesel' and validate the highest and lowest price results",
              "timedOut": null,
              "duration": 16108,
              "state": "passed",
              "speed": "slow",
              "pass": true,
              "fail": false,
              "pending": false,
              "context": null,
              "code": "const state = window.testState;\nreturn cy\n  .then(() => state.onStartScenario(scenario, indexedSteps))\n  .then(() =>\n    resolveAndRunBeforeHooks.call(this, scenario.tags, state.feature.name)\n  )\n  .then(() =>\n    indexedSteps.forEach((step) =>\n      stepTest.call(this, state, step, rowData)\n    )\n  )\n  .then(() => state.onFinishScenario(scenario));",
              "err": {},
              "uuid": "dc3ed9dd-8bd6-4254-947f-78d5d984668e",
              "parentUUID": "e96979c8-3671-43cb-9190-a3a9c3abab84",
              "isHook": false,
              "skipped": false
            }
          ],
          "suites": [],
          "passes": [
            "b7596efa-9f1a-45c3-bd79-a9ce5f6eaad5",
            "b7127497-ee36-4433-985c-dce1196b8cbc",
            "dc3ed9dd-8bd6-4254-947f-78d5d984668e"
          ],
          "failures": [],
          "pending": [],
          "skipped": [],
          "duration": 108827,
          "root": false,
          "rootEmpty": false,
          "_timeout": 2000
        }
      ],
      "passes": [],
      "failures": [],
      "pending": [],
      "skipped": [],
      "duration": 0,
      "root": true,
      "rootEmpty": true,
      "_timeout": 2000
    }
  ],
  "meta": {
    "mocha": {
      "version": "7.0.1"
    },
    "mochawesome": {
      "options": {
        "quiet": false,
        "reportFilename": "mochawesome",
        "saveHtml": true,
        "saveJson": true,
        "consoleReporter": "spec",
        "useInlineDiffs": false,
        "code": true
      },
      "version": "7.1.3"
    },
    "marge": {
      "options": {
        "reportDir": "report",
        "overwrite": true,
        "html": true,
        "json": true,
        "charts": true,
        "pretty": true
      },
      "version": "6.2.0"
    }
  }
}